<?xml version="1.0" encoding="UTF-8"?>
<!-- Generated by org.testng.reporters.JUnitReportReporter -->
<testsuite skipped="1" hostname="LAPTOP-02EF66VJ" name="testScript.NewTest" tests="4" failures="0" timestamp="2023-03-05T12:08:54 IST" time="28.323" errors="0">
  <testcase name="itemcart" time="5.931" classname="testScript.NewTest"/>
  <system-out/>
  <testcase name="delteitem" time="10.795" classname="testScript.NewTest"/>
  <system-out/>
  <testcase name="palceorder" time="11.597" classname="testScript.NewTest"/>
  <system-out/>
  <testcase name="login" classname="testScript.NewTest">
    <skipped/>
  </testcase> <!-- login -->
  <system-out/>
</testsuite> <!-- testScript.NewTest -->
