<?xml version="1.0" encoding="UTF-8"?>
<!-- Generated by org.testng.reporters.JUnitReportReporter -->
<testsuite skipped="0" hostname="LAPTOP-02EF66VJ" name="testScript.ProductStorePageTest" tests="4" failures="0" timestamp="2023-03-14T09:27:04 IST" time="48.236" errors="0">
  <testcase name="loginTest" time="6.971" classname="testScript.ProductStorePageTest"/>
  <system-out/>
  <testcase name="addMulItemtoCart" time="12.546" classname="testScript.ProductStorePageTest"/>
  <system-out/>
  <testcase name="deleteanItemTest" time="21.349" classname="testScript.ProductStorePageTest"/>
  <system-out/>
  <testcase name="placeAnOrderTest" time="7.370" classname="testScript.ProductStorePageTest"/>
  <system-out/>
</testsuite> <!-- testScript.ProductStorePageTest -->
