<?xml version="1.0" encoding="UTF-8"?>
<!-- Generated by org.testng.reporters.JUnitReportReporter -->
<testsuite skipped="0" hostname="LAPTOP-02EF66VJ" name="testScript.ProductStorePageTest" tests="4" failures="0" timestamp="2023-03-10T21:01:42 IST" time="44.950" errors="0">
  <testcase name="loginTest" time="5.840" classname="testScript.ProductStorePageTest"/>
  <system-out/>
  <testcase name="addMulItemtoCart" time="12.168" classname="testScript.ProductStorePageTest"/>
  <system-out/>
  <testcase name="deleteanItemTest" time="19.731" classname="testScript.ProductStorePageTest"/>
  <system-out/>
  <testcase name="placeAnOrderTest" time="7.211" classname="testScript.ProductStorePageTest"/>
  <system-out/>
</testsuite> <!-- testScript.ProductStorePageTest -->
