<?xml version="1.0" encoding="UTF-8"?>
<!-- Generated by org.testng.reporters.JUnitReportReporter -->
<testsuite skipped="0" hostname="LAPTOP-02EF66VJ" name="testScript.ProductStorePageTest" tests="4" failures="0" timestamp="2023-03-14T11:38:51 IST" time="49.352" errors="0">
  <testcase name="loginTest" time="7.152" classname="testScript.ProductStorePageTest"/>
  <system-out/>
  <testcase name="addMulItemtoCart" time="14.650" classname="testScript.ProductStorePageTest"/>
  <system-out/>
  <testcase name="deleteanItemTest" time="20.120" classname="testScript.ProductStorePageTest"/>
  <system-out/>
  <testcase name="placeAnOrderTest" time="7.430" classname="testScript.ProductStorePageTest"/>
  <system-out/>
</testsuite> <!-- testScript.ProductStorePageTest -->
