<?xml version="1.0" encoding="UTF-8"?>
<!-- Generated by org.testng.reporters.JUnitReportReporter -->
<testsuite skipped="0" hostname="LAPTOP-02EF66VJ" name="testScript.ProductStorePageTest" tests="4" failures="0" timestamp="2023-03-10T21:03:52 IST" time="46.836" errors="0">
  <testcase name="loginTest" time="5.780" classname="testScript.ProductStorePageTest"/>
  <system-out/>
  <testcase name="addMulItemtoCart" time="13.500" classname="testScript.ProductStorePageTest"/>
  <system-out/>
  <testcase name="deleteanItemTest" time="19.697" classname="testScript.ProductStorePageTest"/>
  <system-out/>
  <testcase name="placeAnOrderTest" time="7.859" classname="testScript.ProductStorePageTest"/>
  <system-out/>
</testsuite> <!-- testScript.ProductStorePageTest -->
